[2024-05-06T07:13:01.891+0700] {local_task_job_runner.py:120} INFO - ::group::Pre task execution logs
[2024-05-06T07:13:01.914+0700] {taskinstance.py:2073} INFO - Dependencies all met for dep_context=non-requeueable deps ti=<TaskInstance: dsde_webcheck.http_check scheduled__2024-05-05T00:00:00+00:00 [queued]>
[2024-05-06T07:13:01.917+0700] {taskinstance.py:2073} INFO - Dependencies all met for dep_context=requeueable deps ti=<TaskInstance: dsde_webcheck.http_check scheduled__2024-05-05T00:00:00+00:00 [queued]>
[2024-05-06T07:13:01.918+0700] {taskinstance.py:2303} INFO - Starting attempt 1 of 1
[2024-05-06T07:13:01.925+0700] {taskinstance.py:2327} INFO - Executing <Task(BashOperator): http_check> on 2024-05-05 00:00:00+00:00
[2024-05-06T07:13:01.930+0700] {standard_task_runner.py:63} INFO - Started process 72249 to run task
[2024-05-06T07:13:01.934+0700] {standard_task_runner.py:90} INFO - Running: ['airflow', 'tasks', 'run', 'dsde_webcheck', 'http_check', 'scheduled__2024-05-05T00:00:00+00:00', '--job-id', '64', '--raw', '--subdir', 'DAGS_FOLDER/CheckWebRunning.py', '--cfg-path', '/var/folders/f5/rsv9r9ld4vl6ylvcl4klm1380000gn/T/tmps71sxupl']
[2024-05-06T07:13:01.936+0700] {standard_task_runner.py:91} INFO - Job 64: Subtask http_check
[2024-05-06T07:13:01.967+0700] {task_command.py:426} INFO - Running <TaskInstance: dsde_webcheck.http_check scheduled__2024-05-05T00:00:00+00:00 [running]> on host inwpuuns-macbook.local
[2024-05-06T07:13:02.004+0700] {taskinstance.py:2644} INFO - Exporting env vars: AIRFLOW_CTX_DAG_OWNER='airflow' AIRFLOW_CTX_DAG_ID='dsde_webcheck' AIRFLOW_CTX_TASK_ID='http_check' AIRFLOW_CTX_EXECUTION_DATE='2024-05-05T00:00:00+00:00' AIRFLOW_CTX_TRY_NUMBER='1' AIRFLOW_CTX_DAG_RUN_ID='scheduled__2024-05-05T00:00:00+00:00'
[2024-05-06T07:13:02.005+0700] {taskinstance.py:430} INFO - ::endgroup::
[2024-05-06T07:13:02.006+0700] {subprocess.py:63} INFO - Tmp dir root location: /var/folders/f5/rsv9r9ld4vl6ylvcl4klm1380000gn/T
[2024-05-06T07:13:02.007+0700] {subprocess.py:75} INFO - Running command: ['/bin/bash', '-c', 'curl -s https:// www.cp.eng.chula.ac.th > /dev/null']
[2024-05-06T07:13:02.011+0700] {subprocess.py:86} INFO - Output:
[2024-05-06T07:13:02.045+0700] {subprocess.py:97} INFO - Command exited with return code 6
[2024-05-06T07:13:02.046+0700] {taskinstance.py:441} INFO - ::group::Post task execution logs
[2024-05-06T07:13:02.050+0700] {taskinstance.py:2890} ERROR - Task failed with exception
Traceback (most recent call last):
  File "/Library/Frameworks/Python.framework/Versions/3.10/lib/python3.10/site-packages/airflow/models/taskinstance.py", line 465, in _execute_task
    result = _execute_callable(context=context, **execute_callable_kwargs)
  File "/Library/Frameworks/Python.framework/Versions/3.10/lib/python3.10/site-packages/airflow/models/taskinstance.py", line 432, in _execute_callable
    return execute_callable(context=context, **execute_callable_kwargs)
  File "/Library/Frameworks/Python.framework/Versions/3.10/lib/python3.10/site-packages/airflow/models/baseoperator.py", line 400, in wrapper
    return func(self, *args, **kwargs)
  File "/Library/Frameworks/Python.framework/Versions/3.10/lib/python3.10/site-packages/airflow/operators/bash.py", line 243, in execute
    raise AirflowException(
airflow.exceptions.AirflowException: Bash command failed. The command returned a non-zero exit code 6.
[2024-05-06T07:13:02.054+0700] {taskinstance.py:1205} INFO - Marking task as FAILED. dag_id=dsde_webcheck, task_id=http_check, execution_date=20240505T000000, start_date=20240506T001301, end_date=20240506T001302
[2024-05-06T07:13:02.059+0700] {standard_task_runner.py:110} ERROR - Failed to execute job 64 for task http_check (Bash command failed. The command returned a non-zero exit code 6.; 72249)
[2024-05-06T07:13:02.095+0700] {local_task_job_runner.py:240} INFO - Task exited with return code 1
[2024-05-06T07:13:02.106+0700] {taskinstance.py:3482} INFO - 0 downstream tasks scheduled from follow-on schedule check
[2024-05-06T07:13:02.108+0700] {local_task_job_runner.py:222} INFO - ::endgroup::
